# JRE version: Java(TM) SE Runtime Environment (8.0_51-b16) (build 1.8.0_51-b16)
# Java VM: Java HotSpot(TM) 64-Bit Server VM (25.51-b03 mixed mode windows-amd64 compressed oops)
Heap:
 PSYoungGen      total 2576896K, used 1892587K [0x0000000708000000, 0x00000007c0000000, 0x00000007c0000000)
  eden space 2131456K, 83% used [0x0000000708000000,0x0000000774d3ab10,0x000000078a180000)
  from space 445440K, 24% used [0x00000007a4d00000,0x00000007ab800308,0x00000007c0000000)
  to   space 437760K, 0% used [0x000000078a180000,0x000000078a180000,0x00000007a4d00000)
 ParOldGen       total 1277440K, used 873154K [0x0000000598000000, 0x00000005e5f80000, 0x0000000708000000)
  object space 1277440K, 68% used [0x0000000598000000,0x00000005cd4b0820,0x00000005e5f80000)
 Metaspace       used 224598K, capacity 229953K, committed 230144K, reserved 1236992K
  class space    used 40025K, capacity 41954K, committed 41984K, reserved 1048576K
GC Heap History (10 events):
Event: 50.206 GC heap before
{Heap before GC invocations=42 (full 5):
 PSYoungGen      total 2619392K, used 2543666K [0x0000000708000000, 0x00000007c0000000, 0x00000007c0000000)
  eden space 2264064K, 100% used [0x0000000708000000,0x0000000792300000,0x0000000792300000)
  from space 355328K, 78% used [0x00000007aa500000,0x00000007bb60cbe0,0x00000007c0000000)
  to   space 375296K, 0% used [0x0000000792300000,0x0000000792300000,0x00000007a9180000)
 ParOldGen       total 1199104K, used 837483K [0x0000000598000000, 0x00000005e1300000, 0x0000000708000000)
  object space 1199104K, 69% used [0x0000000598000000,0x00000005cb1daef0,0x00000005e1300000)
 Metaspace       used 192339K, capacity 196345K, committed 196992K, reserved 1210368K
  class space    used 33645K, capacity 35114K, committed 35200K, reserved 1048576K
Event: 50.273 GC heap after
Heap after GC invocations=42 (full 5):
 PSYoungGen      total 2633216K, used 369062K [0x0000000708000000, 0x00000007c0000000, 0x00000007c0000000)
  eden space 2264064K, 0% used [0x0000000708000000,0x0000000708000000,0x0000000792300000)
  from space 369152K, 99% used [0x0000000792300000,0x00000007a8b69b50,0x00000007a8b80000)
  to   space 381440K, 0% used [0x00000007a8b80000,0x00000007a8b80000,0x00000007c0000000)
 ParOldGen       total 1199104K, used 837491K [0x0000000598000000, 0x00000005e1300000, 0x0000000708000000)
  object space 1199104K, 69% used [0x0000000598000000,0x00000005cb1dcef0,0x00000005e1300000)
 Metaspace       used 192339K, capacity 196345K, committed 196992K, reserved 1210368K
  class space    used 33645K, capacity 35114K, committed 35200K, reserved 1048576K
}
Event: 52.401 GC heap before
{Heap before GC invocations=43 (full 5):
 PSYoungGen      total 2633216K, used 2517827K [0x0000000708000000, 0x00000007c0000000, 0x00000007c0000000)
  eden space 2264064K, 94% used [0x0000000708000000,0x000000078b267420,0x0000000792300000)
  from space 369152K, 99% used [0x0000000792300000,0x00000007a8b69b50,0x00000007a8b80000)
  to   space 381440K, 0% used [0x00000007a8b80000,0x00000007a8b80000,0x00000007c0000000)
 ParOldGen       total 1199104K, used 837491K [0x0000000598000000, 0x00000005e1300000, 0x0000000708000000)
  object space 1199104K, 69% used [0x0000000598000000,0x00000005cb1dcef0,0x00000005e1300000)
 Metaspace       used 201118K, capacity 205449K, committed 205868K, reserved 1218560K
  class space    used 35632K, capacity 37222K, committed 37248K, reserved 1048576K
Event: 52.450 GC heap after
Heap after GC invocations=43 (full 5):
 PSYoungGen      total 2506240K, used 324032K [0x0000000708000000, 0x00000007c0000000, 0x00000007c0000000)
  eden space 2124800K, 0% used [0x0000000708000000,0x0000000708000000,0x0000000789b00000)
  from space 381440K, 84% used [0x00000007a8b80000,0x00000007bc7f0080,0x00000007c0000000)
  to   space 444928K, 0% used [0x0000000789b00000,0x0000000789b00000,0x00000007a4d80000)
 ParOldGen       total 1199104K, used 837499K [0x0000000598000000, 0x00000005e1300000, 0x0000000708000000)
  object space 1199104K, 69% used [0x0000000598000000,0x00000005cb1deef0,0x00000005e1300000)
 Metaspace       used 201118K, capacity 205449K, committed 205868K, reserved 1218560K
  class space    used 35632K, capacity 37222K, committed 37248K, reserved 1048576K
}
Event: 52.450 GC heap before
{Heap before GC invocations=44 (full 6):
 PSYoungGen      total 2506240K, used 324032K [0x0000000708000000, 0x00000007c0000000, 0x00000007c0000000)
  eden space 2124800K, 0% used [0x0000000708000000,0x0000000708000000,0x0000000789b00000)
  from space 381440K, 84% used [0x00000007a8b80000,0x00000007bc7f0080,0x00000007c0000000)
  to   space 444928K, 0% used [0x0000000789b00000,0x0000000789b00000,0x00000007a4d80000)
 ParOldGen       total 1199104K, used 837499K [0x0000000598000000, 0x00000005e1300000, 0x0000000708000000)
  object space 1199104K, 69% used [0x0000000598000000,0x00000005cb1deef0,0x00000005e1300000)
 Metaspace       used 201118K, capacity 205449K, committed 205868K, reserved 1218560K
  class space    used 35632K, capacity 37222K, committed 37248K, reserved 1048576K
Event: 52.831 GC heap after
Heap after GC invocations=44 (full 6):
 PSYoungGen      total 2506240K, used 0K [0x0000000708000000, 0x00000007c0000000, 0x00000007c0000000)
  eden space 2124800K, 0% used [0x0000000708000000,0x0000000708000000,0x0000000789b00000)
  from space 381440K, 0% used [0x00000007a8b80000,0x00000007a8b80000,0x00000007c0000000)
  to   space 444928K, 0% used [0x0000000789b00000,0x0000000789b00000,0x00000007a4d80000)
 ParOldGen       total 1277440K, used 873138K [0x0000000598000000, 0x00000005e5f80000, 0x0000000708000000)
  object space 1277440K, 68% used [0x0000000598000000,0x00000005cd4ac808,0x00000005e5f80000)
 Metaspace       used 201118K, capacity 205449K, committed 205868K, reserved 1218560K
  class space    used 35632K, capacity 37222K, committed 37248K, reserved 1048576K
}
Event: 55.495 GC heap before
{Heap before GC invocations=45 (full 6):
 PSYoungGen      total 2506240K, used 2124800K [0x0000000708000000, 0x00000007c0000000, 0x00000007c0000000)
  eden space 2124800K, 100% used [0x0000000708000000,0x0000000789b00000,0x0000000789b00000)
  from space 381440K, 0% used [0x00000007a8b80000,0x00000007a8b80000,0x00000007c0000000)
  to   space 444928K, 0% used [0x0000000789b00000,0x0000000789b00000,0x00000007a4d80000)
 ParOldGen       total 1277440K, used 873138K [0x0000000598000000, 0x00000005e5f80000, 0x0000000708000000)
  object space 1277440K, 68% used [0x0000000598000000,0x00000005cd4ac808,0x00000005e5f80000)
 Metaspace       used 209797K, capacity 214391K, committed 215040K, reserved 1224704K
  class space    used 37351K, capacity 39043K, committed 39168K, reserved 1048576K
Event: 55.518 GC heap after
Heap after GC invocations=45 (full 6):
 PSYoungGen      total 2208768K, used 83471K [0x0000000708000000, 0x00000007c0000000, 0x00000007c0000000)
  eden space 2124800K, 0% used [0x0000000708000000,0x0000000708000000,0x0000000789b00000)
  from space 83968K, 99% used [0x0000000789b00000,0x000000078ec83c68,0x000000078ed00000)
  to   space 445440K, 0% used [0x00000007a4d00000,0x00000007a4d00000,0x00000007c0000000)
 ParOldGen       total 1277440K, used 873146K [0x0000000598000000, 0x00000005e5f80000, 0x0000000708000000)
  object space 1277440K, 68% used [0x0000000598000000,0x00000005cd4ae808,0x00000005e5f80000)
 Metaspace       used 209797K, capacity 214391K, committed 215040K, reserved 1224704K
  class space    used 37351K, capacity 39043K, committed 39168K, reserved 1048576K
}
Event: 57.698 GC heap before
{Heap before GC invocations=46 (full 6):
 PSYoungGen      total 2208768K, used 2208271K [0x0000000708000000, 0x00000007c0000000, 0x00000007c0000000)
  eden space 2124800K, 100% used [0x0000000708000000,0x0000000789b00000,0x0000000789b00000)
  from space 83968K, 99% used [0x0000000789b00000,0x000000078ec83c68,0x000000078ed00000)
  to   space 445440K, 0% used [0x00000007a4d00000,0x00000007a4d00000,0x00000007c0000000)
 ParOldGen       total 1277440K, used 873146K [0x0000000598000000, 0x00000005e5f80000, 0x0000000708000000)
  object space 1277440K, 68% used [0x0000000598000000,0x00000005cd4ae820,0x00000005e5f80000)
 Metaspace       used 218378K, capacity 223317K, committed 223616K, reserved 1232896K
  class space    used 39056K, capacity 40816K, committed 40832K, reserved 1048576K
Event: 57.720 GC heap after
Heap after GC invocations=46 (full 6):
 PSYoungGen      total 2576896K, used 109568K [0x0000000708000000, 0x00000007c0000000, 0x00000007c0000000)
  eden space 2131456K, 0% used [0x0000000708000000,0x0000000708000000,0x000000078a180000)
  from space 445440K, 24% used [0x00000007a4d00000,0x00000007ab800308,0x00000007c0000000)
  to   space 437760K, 0% used [0x000000078a180000,0x000000078a180000,0x00000007a4d00000)
 ParOldGen       total 1277440K, used 873154K [0x0000000598000000, 0x00000005e5f80000, 0x0000000708000000)
  object space 1277440K, 68% used [0x0000000598000000,0x00000005cd4b0820,0x00000005e5f80000)
 Metaspace       used 218378K, capacity 223317K, committed 223616K, reserved 1232896K
  class space    used 39056K, capacity 40816K, committed 40832K, reserved 1048576K
}

